<html>
<body>
<pre>
<h1>µVision Build Log</h1>
<h2>Project:</h2>
C:\Users\crist\Documents\CSUN\ECE425L\lab3test.uvproj
Project File Date:  09/15/2022

<h2>Output:</h2>
Build target 'Target 1'
assembling l3.s...
linking...
Program Size: Code=28 RO-data=0 RW-data=0 ZI-data=0  
".\lab3test.axf" - 0 Error(s), 0 Warning(s).
</pre>
</body>
</html>
W-data=0 ZI-data=0  
".\lab3test.axf" - 0 Error(s), 1 Warning(s).
arget not created
(11): error: A1163E: Unknown opcode R2, , expecting opcode or Macro
l3.s(12): error: A1163E: Unknown opcode R3,= , expecting opcode or Macro
l3.s(18): warning: A1447W: Missing END directive at end of file, but found a label named END
".\lab3test.axf" - 5 Error(s), 1 Warning(s).
Target not created
